<?xml version="1.0" encoding="UTF-8"?>
<!-- Generated by org.testng.reporters.JUnitReportReporter -->
<testsuite hostname="MKOKANE10A" failures="0" tests="3" name="com.prjct.qa.testcases.LoginpageTest" time="21.889" errors="0" timestamp="2024-06-27T10:47:40 IST" skipped="0">
  <testcase classname="com.prjct.qa.testcases.LoginpageTest" name="loginpagetitletest" time="4.819"/>
  <testcase classname="com.prjct.qa.testcases.LoginpageTest" name="crmlogotest" time="11.579"/>
  <testcase classname="com.prjct.qa.testcases.LoginpageTest" name="loginTest" time="5.491"/>
</testsuite> <!-- com.prjct.qa.testcases.LoginpageTest -->
