<?xml version="1.0" encoding="UTF-8"?>
<!-- Generated by org.testng.reporters.JUnitReportReporter -->
<testsuite hostname="MKOKANE10A" failures="0" tests="3" name="com.prjct.qa.testcases.LoginpageTest" time="16.667" errors="0" timestamp="2024-06-27T11:09:55 IST" skipped="0">
  <testcase classname="com.prjct.qa.testcases.LoginpageTest" name="loginpagetitletest" time="5.155"/>
  <testcase classname="com.prjct.qa.testcases.LoginpageTest" name="loginTest" time="5.530"/>
  <testcase classname="com.prjct.qa.testcases.LoginpageTest" name="crmlogotest" time="5.982"/>
</testsuite> <!-- com.prjct.qa.testcases.LoginpageTest -->
